============================= test session starts =============================
platform win32 -- Python 3.10.11, pytest-9.1.1, pluggy-1.6.0 -- C:\Users\qjmzc\AppData\Roaming\TRAE SOLO CN\ModularData\ai-agent\vm\tools\python\python.exe
cachedir: .pytest_cache
rootdir: D:\github_public_repo\量化回测\tmp_output\style_research
collecting ... collected 83 items

tests/test_style_factors.py::TestFactorDefinitions::test_factor_count PASSED [  1%]
tests/test_style_factors.py::TestFactorDefinitions::test_factor_ids PASSED [  2%]
tests/test_style_factors.py::TestFactorDefinitions::test_registry_build PASSED [  3%]
tests/test_style_factors.py::TestFactorDefinitions::test_definition_fields[factor0] PASSED [  4%]
tests/test_style_factors.py::TestFactorDefinitions::test_definition_fields[factor1] PASSED [  6%]
tests/test_style_factors.py::TestFactorDefinitions::test_definition_fields[factor2] PASSED [  7%]
tests/test_style_factors.py::TestFactorDefinitions::test_definition_fields[factor3] PASSED [  8%]
tests/test_style_factors.py::TestFactorDefinitions::test_definition_fields[factor4] PASSED [  9%]
tests/test_style_factors.py::TestFactorDefinitions::test_definition_fields[factor5] PASSED [ 10%]
tests/test_style_factors.py::TestFactorDefinitions::test_definition_fields[factor6] PASSED [ 12%]
tests/test_style_factors.py::TestFactorDefinitions::test_definition_fields[factor7] PASSED [ 13%]
tests/test_style_factors.py::TestAtrFactor::test_compute_with_enough_warmup PASSED [ 14%]
tests/test_style_factors.py::TestAtrFactor::test_compute_with_insufficient_warmup PASSED [ 15%]
tests/test_style_factors.py::TestTurtleBreakoutFactor::test_compute_with_enough_warmup PASSED [ 16%]
tests/test_style_factors.py::TestTurtleBreakoutFactor::test_compute_insufficient_warmup PASSED [ 18%]
tests/test_style_factors.py::TestMaAlignmentStrengthFactor::test_compute_with_enough_warmup PASSED [ 19%]
tests/test_style_factors.py::TestMaAlignmentStrengthFactor::test_compute_insufficient_warmup PASSED [ 20%]
tests/test_style_factors.py::TestLimitUpConsecutiveFactor::test_no_limit_up PASSED [ 21%]
tests/test_style_factors.py::TestLimitUpConsecutiveFactor::test_with_limit_up PASSED [ 22%]
tests/test_style_factors.py::TestKdjJFactor::test_compute_with_enough_warmup PASSED [ 24%]
tests/test_style_factors.py::TestKdjJFactor::test_compute_insufficient_warmup PASSED [ 25%]
tests/test_style_factors.py::TestBias6Factor::test_compute_with_enough_warmup PASSED [ 26%]
tests/test_style_factors.py::TestBias6Factor::test_compute_insufficient_warmup PASSED [ 27%]
tests/test_style_factors.py::TestMomentum60dFactor::test_compute_with_enough_warmup PASSED [ 28%]
tests/test_style_factors.py::TestMomentum60dFactor::test_compute_insufficient_warmup PASSED [ 30%]
tests/test_style_factors.py::TestIntradayStrengthFactor::test_compute_normal PASSED [ 31%]
tests/test_style_factors.py::TestIntradayStrengthFactor::test_one_price_board PASSED [ 32%]
tests/test_style_factors.py::TestComputeVsVectorized::test_consistency[atr_20] PASSED [ 33%]
tests/test_style_factors.py::TestComputeVsVectorized::test_consistency[turtle_breakout_20] PASSED [ 34%]
tests/test_style_factors.py::TestComputeVsVectorized::test_consistency[ma_alignment_strength] PASSED [ 36%]
tests/test_style_factors.py::TestComputeVsVectorized::test_consistency[limit_up_consecutive] PASSED [ 37%]
tests/test_style_factors.py::TestComputeVsVectorized::test_consistency[kdj_j] PASSED [ 38%]
tests/test_style_factors.py::TestComputeVsVectorized::test_consistency[bias_6] PASSED [ 39%]
tests/test_style_factors.py::TestComputeVsVectorized::test_consistency[momentum_60d] PASSED [ 40%]
tests/test_style_factors.py::TestComputeVsVectorized::test_consistency[intraday_strength] PASSED [ 42%]
tests/test_style_factors.py::TestBuildStyleFactorPanelVectorized::test_panel_shape[atr_20] PASSED [ 43%]
tests/test_style_factors.py::TestBuildStyleFactorPanelVectorized::test_panel_shape[turtle_breakout_20] PASSED [ 44%]
tests/test_style_factors.py::TestBuildStyleFactorPanelVectorized::test_panel_shape[ma_alignment_strength] PASSED [ 45%]
tests/test_style_factors.py::TestBuildStyleFactorPanelVectorized::test_panel_shape[limit_up_consecutive] PASSED [ 46%]
tests/test_style_factors.py::TestBuildStyleFactorPanelVectorized::test_panel_shape[kdj_j] PASSED [ 48%]
tests/test_style_factors.py::TestBuildStyleFactorPanelVectorized::test_panel_shape[bias_6] PASSED [ 49%]
tests/test_style_factors.py::TestBuildStyleFactorPanelVectorized::test_panel_shape[momentum_60d] PASSED [ 50%]
tests/test_style_factors.py::TestBuildStyleFactorPanelVectorized::test_panel_shape[intraday_strength] PASSED [ 51%]
tests/test_style_factors.py::TestBuildStyleFactorPanelVectorized::test_build_all_panels PASSED [ 53%]
tests/test_styles.py::TestStyleDefinitions::test_style_count PASSED      [ 54%]
tests/test_styles.py::TestStyleDefinitions::test_style_ids PASSED        [ 55%]
tests/test_styles.py::TestStyleDefinitions::test_spec_fields[spec0] PASSED [ 56%]
tests/test_styles.py::TestStyleDefinitions::test_spec_fields[spec1] PASSED [ 57%]
tests/test_styles.py::TestStyleDefinitions::test_spec_fields[spec2] PASSED [ 59%]
tests/test_styles.py::TestStyleDefinitions::test_spec_fields[spec3] PASSED [ 60%]
tests/test_styles.py::TestStyleDefinitions::test_spec_fields[spec4] PASSED [ 61%]
tests/test_styles.py::TestStyleDefinitions::test_directions_cover_all_factors[spec0] PASSED [ 62%]
tests/test_styles.py::TestStyleDefinitions::test_directions_cover_all_factors[spec1] PASSED [ 63%]
tests/test_styles.py::TestStyleDefinitions::test_directions_cover_all_factors[spec2] PASSED [ 65%]
tests/test_styles.py::TestStyleDefinitions::test_directions_cover_all_factors[spec3] PASSED [ 66%]
tests/test_styles.py::TestStyleDefinitions::test_directions_cover_all_factors[spec4] PASSED [ 67%]
tests/test_styles.py::TestStyleDefinitions::test_spec_immutable[spec0] PASSED [ 68%]
tests/test_styles.py::TestStyleDefinitions::test_spec_immutable[spec1] PASSED [ 69%]
tests/test_styles.py::TestStyleDefinitions::test_spec_immutable[spec2] PASSED [ 71%]
tests/test_styles.py::TestStyleDefinitions::test_spec_immutable[spec3] PASSED [ 72%]
tests/test_styles.py::TestStyleDefinitions::test_spec_immutable[spec4] PASSED [ 73%]
tests/test_styles.py::TestStyleDefinitions::test_get_style_spec PASSED   [ 74%]
tests/test_styles.py::TestStyleDefinitions::test_get_style_spec_unknown PASSED [ 75%]
tests/test_styles.py::TestStyleFactorSets::test_contrarian_uses_existing_26 PASSED [ 77%]
tests/test_styles.py::TestStyleFactorSets::test_value_uses_valuation_factors PASSED [ 78%]
tests/test_styles.py::TestStyleFactorSets::test_growth_includes_momentum_60d PASSED [ 79%]
tests/test_styles.py::TestStyleFactorSets::test_trend_includes_new_factors PASSED [ 80%]
tests/test_styles.py::TestStyleFactorSets::test_short_term_includes_new_factors PASSED [ 81%]
tests/test_styles.py::TestStyleDirections::test_value_directions PASSED  [ 83%]
tests/test_styles.py::TestStyleDirections::test_growth_directions_all_higher PASSED [ 84%]
tests/test_styles.py::TestStyleDirections::test_trend_directions_all_higher PASSED [ 85%]
tests/test_styles.py::TestStyleDirections::test_short_term_directions_all_higher PASSED [ 86%]
tests/test_styles.py::TestStyleHorizons::test_contrarian_horizon_5 PASSED [ 87%]
tests/test_styles.py::TestStyleHorizons::test_value_horizon_20 PASSED    [ 89%]
tests/test_styles.py::TestStyleHorizons::test_growth_horizon_20 PASSED   [ 90%]
tests/test_styles.py::TestStyleHorizons::test_trend_horizon_20 PASSED    [ 91%]
tests/test_styles.py::TestStyleHorizons::test_short_term_horizon_1 PASSED [ 92%]
tests/test_styles.py::TestAutoCalibrate::test_contrarian_no_calibrate PASSED [ 93%]
tests/test_styles.py::TestAutoCalibrate::test_value_calibrate_enabled PASSED [ 95%]
tests/test_styles.py::TestAutoCalibrate::test_growth_calibrate_enabled PASSED [ 96%]
tests/test_styles.py::TestAutoCalibrate::test_trend_calibrate_enabled PASSED [ 97%]
tests/test_styles.py::TestAutoCalibrate::test_short_term_calibrate_enabled PASSED [ 98%]
tests/test_styles.py::TestAutoCalibrate::test_default_no_calibrate PASSED [100%]

============================= 83 passed in 0.24s ==============================
